<?xml version="1.0" encoding="UTF-8"?>
<testsuite xmlns:xsi="http://www.w3.org/2001/XMLSchema-instance" xsi:noNamespaceSchemaLocation="https://maven.apache.org/surefire/maven-surefire-plugin/xsd/surefire-test-report.xsd" name="com.ultrapower.sellproducts.SellproductsApplicationTests" time="13.938" tests="1" errors="0" skipped="0" failures="0">
  <properties>
    <property name="sun.desktop" value="windows"/>
    <property name="awt.toolkit" value="sun.awt.windows.WToolkit"/>
    <property name="file.encoding.pkg" value="sun.io"/>
    <property name="java.specification.version" value="1.8"/>
    <property name="sun.cpu.isalist" value="amd64"/>
    <property name="sun.jnu.encoding" value="GBK"/>
    <property name="java.class.path" value="D:\sellproducts\target\test-classes;D:\sellproducts\target\classes;E:\workBase\mavenResitory\org\springframework\boot\spring-boot-starter-data-redis\2.2.6.RELEASE\spring-boot-starter-data-redis-2.2.6.RELEASE.jar;E:\workBase\mavenResitory\org\springframework\boot\spring-boot-starter\2.2.6.RELEASE\spring-boot-starter-2.2.6.RELEASE.jar;E:\workBase\mavenResitory\org\springframework\boot\spring-boot\2.2.6.RELEASE\spring-boot-2.2.6.RELEASE.jar;E:\workBase\mavenResitory\org\springframework\boot\spring-boot-autoconfigure\2.2.6.RELEASE\spring-boot-autoconfigure-2.2.6.RELEASE.jar;E:\workBase\mavenResitory\org\springframework\boot\spring-boot-starter-logging\2.2.6.RELEASE\spring-boot-starter-logging-2.2.6.RELEASE.jar;E:\workBase\mavenResitory\ch\qos\logback\logback-classic\1.2.3\logback-classic-1.2.3.jar;E:\workBase\mavenResitory\ch\qos\logback\logback-core\1.2.3\logback-core-1.2.3.jar;E:\workBase\mavenResitory\org\apache\logging\log4j\log4j-to-slf4j\2.12.1\log4j-to-slf4j-2.12.1.jar;E:\workBase\mavenResitory\org\apache\logging\log4j\log4j-api\2.12.1\log4j-api-2.12.1.jar;E:\workBase\mavenResitory\org\slf4j\jul-to-slf4j\1.7.30\jul-to-slf4j-1.7.30.jar;E:\workBase\mavenResitory\jakarta\annotation\jakarta.annotation-api\1.3.5\jakarta.annotation-api-1.3.5.jar;E:\workBase\mavenResitory\org\yaml\snakeyaml\1.25\snakeyaml-1.25.jar;E:\workBase\mavenResitory\org\springframework\data\spring-data-redis\2.2.6.RELEASE\spring-data-redis-2.2.6.RELEASE.jar;E:\workBase\mavenResitory\org\springframework\data\spring-data-keyvalue\2.2.6.RELEASE\spring-data-keyvalue-2.2.6.RELEASE.jar;E:\workBase\mavenResitory\org\springframework\data\spring-data-commons\2.2.6.RELEASE\spring-data-commons-2.2.6.RELEASE.jar;E:\workBase\mavenResitory\org\springframework\spring-tx\5.2.5.RELEASE\spring-tx-5.2.5.RELEASE.jar;E:\workBase\mavenResitory\org\springframework\spring-oxm\5.2.5.RELEASE\spring-oxm-5.2.5.RELEASE.jar;E:\workBase\mavenResitory\org\springframework\spring-aop\5.2.5.RELEASE\spring-aop-5.2.5.RELEASE.jar;E:\workBase\mavenResitory\org\springframework\spring-context-support\5.2.5.RELEASE\spring-context-support-5.2.5.RELEASE.jar;E:\workBase\mavenResitory\org\slf4j\slf4j-api\1.7.30\slf4j-api-1.7.30.jar;E:\workBase\mavenResitory\io\lettuce\lettuce-core\5.2.2.RELEASE\lettuce-core-5.2.2.RELEASE.jar;E:\workBase\mavenResitory\io\netty\netty-common\4.1.48.Final\netty-common-4.1.48.Final.jar;E:\workBase\mavenResitory\io\netty\netty-handler\4.1.48.Final\netty-handler-4.1.48.Final.jar;E:\workBase\mavenResitory\io\netty\netty-resolver\4.1.48.Final\netty-resolver-4.1.48.Final.jar;E:\workBase\mavenResitory\io\netty\netty-buffer\4.1.48.Final\netty-buffer-4.1.48.Final.jar;E:\workBase\mavenResitory\io\netty\netty-codec\4.1.48.Final\netty-codec-4.1.48.Final.jar;E:\workBase\mavenResitory\io\netty\netty-transport\4.1.48.Final\netty-transport-4.1.48.Final.jar;E:\workBase\mavenResitory\io\projectreactor\reactor-core\3.3.4.RELEASE\reactor-core-3.3.4.RELEASE.jar;E:\workBase\mavenResitory\org\reactivestreams\reactive-streams\1.0.3\reactive-streams-1.0.3.jar;E:\workBase\mavenResitory\org\springframework\boot\spring-boot-starter-web\2.2.6.RELEASE\spring-boot-starter-web-2.2.6.RELEASE.jar;E:\workBase\mavenResitory\org\springframework\boot\spring-boot-starter-json\2.2.6.RELEASE\spring-boot-starter-json-2.2.6.RELEASE.jar;E:\workBase\mavenResitory\com\fasterxml\jackson\core\jackson-databind\2.10.3\jackson-databind-2.10.3.jar;E:\workBase\mavenResitory\com\fasterxml\jackson\core\jackson-annotations\2.10.3\jackson-annotations-2.10.3.jar;E:\workBase\mavenResitory\com\fasterxml\jackson\core\jackson-core\2.10.3\jackson-core-2.10.3.jar;E:\workBase\mavenResitory\com\fasterxml\jackson\datatype\jackson-datatype-jdk8\2.10.3\jackson-datatype-jdk8-2.10.3.jar;E:\workBase\mavenResitory\com\fasterxml\jackson\datatype\jackson-datatype-jsr310\2.10.3\jackson-datatype-jsr310-2.10.3.jar;E:\workBase\mavenResitory\com\fasterxml\jackson\module\jackson-module-parameter-names\2.10.3\jackson-module-parameter-names-2.10.3.jar;E:\workBase\mavenResitory\org\springframework\boot\spring-boot-starter-tomcat\2.2.6.RELEASE\spring-boot-starter-tomcat-2.2.6.RELEASE.jar;E:\workBase\mavenResitory\org\apache\tomcat\embed\tomcat-embed-core\9.0.33\tomcat-embed-core-9.0.33.jar;E:\workBase\mavenResitory\org\apache\tomcat\embed\tomcat-embed-el\9.0.33\tomcat-embed-el-9.0.33.jar;E:\workBase\mavenResitory\org\apache\tomcat\embed\tomcat-embed-websocket\9.0.33\tomcat-embed-websocket-9.0.33.jar;E:\workBase\mavenResitory\org\springframework\boot\spring-boot-starter-validation\2.2.6.RELEASE\spring-boot-starter-validation-2.2.6.RELEASE.jar;E:\workBase\mavenResitory\jakarta\validation\jakarta.validation-api\2.0.2\jakarta.validation-api-2.0.2.jar;E:\workBase\mavenResitory\org\hibernate\validator\hibernate-validator\6.0.18.Final\hibernate-validator-6.0.18.Final.jar;E:\workBase\mavenResitory\org\jboss\logging\jboss-logging\3.4.1.Final\jboss-logging-3.4.1.Final.jar;E:\workBase\mavenResitory\com\fasterxml\classmate\1.5.1\classmate-1.5.1.jar;E:\workBase\mavenResitory\org\springframework\spring-web\5.2.5.RELEASE\spring-web-5.2.5.RELEASE.jar;E:\workBase\mavenResitory\org\springframework\spring-beans\5.2.5.RELEASE\spring-beans-5.2.5.RELEASE.jar;E:\workBase\mavenResitory\org\springframework\spring-webmvc\5.2.5.RELEASE\spring-webmvc-5.2.5.RELEASE.jar;E:\workBase\mavenResitory\org\springframework\spring-context\5.2.5.RELEASE\spring-context-5.2.5.RELEASE.jar;E:\workBase\mavenResitory\org\springframework\spring-expression\5.2.5.RELEASE\spring-expression-5.2.5.RELEASE.jar;E:\workBase\mavenResitory\org\mybatis\spring\boot\mybatis-spring-boot-starter\2.1.2\mybatis-spring-boot-starter-2.1.2.jar;E:\workBase\mavenResitory\org\springframework\boot\spring-boot-starter-jdbc\2.2.6.RELEASE\spring-boot-starter-jdbc-2.2.6.RELEASE.jar;E:\workBase\mavenResitory\com\zaxxer\HikariCP\3.4.2\HikariCP-3.4.2.jar;E:\workBase\mavenResitory\org\springframework\spring-jdbc\5.2.5.RELEASE\spring-jdbc-5.2.5.RELEASE.jar;E:\workBase\mavenResitory\org\mybatis\spring\boot\mybatis-spring-boot-autoconfigure\2.1.2\mybatis-spring-boot-autoconfigure-2.1.2.jar;E:\workBase\mavenResitory\org\mybatis\mybatis\3.5.4\mybatis-3.5.4.jar;E:\workBase\mavenResitory\org\mybatis\mybatis-spring\2.0.4\mybatis-spring-2.0.4.jar;E:\workBase\mavenResitory\com\alibaba\fastjson\1.2.60\fastjson-1.2.60.jar;E:\workBase\mavenResitory\mysql\mysql-connector-java\8.0.16\mysql-connector-java-8.0.16.jar;E:\workBase\mavenResitory\com\alibaba\druid\1.1.20\druid-1.1.20.jar;E:\workBase\mavenResitory\org\springframework\boot\spring-boot-starter-test\2.2.6.RELEASE\spring-boot-starter-test-2.2.6.RELEASE.jar;E:\workBase\mavenResitory\org\springframework\boot\spring-boot-test\2.2.6.RELEASE\spring-boot-test-2.2.6.RELEASE.jar;E:\workBase\mavenResitory\org\springframework\boot\spring-boot-test-autoconfigure\2.2.6.RELEASE\spring-boot-test-autoconfigure-2.2.6.RELEASE.jar;E:\workBase\mavenResitory\com\jayway\jsonpath\json-path\2.4.0\json-path-2.4.0.jar;E:\workBase\mavenResitory\net\minidev\json-smart\2.3\json-smart-2.3.jar;E:\workBase\mavenResitory\net\minidev\accessors-smart\1.2\accessors-smart-1.2.jar;E:\workBase\mavenResitory\org\ow2\asm\asm\5.0.4\asm-5.0.4.jar;E:\workBase\mavenResitory\jakarta\xml\bind\jakarta.xml.bind-api\2.3.3\jakarta.xml.bind-api-2.3.3.jar;E:\workBase\mavenResitory\jakarta\activation\jakarta.activation-api\1.2.2\jakarta.activation-api-1.2.2.jar;E:\workBase\mavenResitory\org\junit\jupiter\junit-jupiter\5.5.2\junit-jupiter-5.5.2.jar;E:\workBase\mavenResitory\org\junit\jupiter\junit-jupiter-api\5.5.2\junit-jupiter-api-5.5.2.jar;E:\workBase\mavenResitory\org\apiguardian\apiguardian-api\1.1.0\apiguardian-api-1.1.0.jar;E:\workBase\mavenResitory\org\opentest4j\opentest4j\1.2.0\opentest4j-1.2.0.jar;E:\workBase\mavenResitory\org\junit\platform\junit-platform-commons\1.5.2\junit-platform-commons-1.5.2.jar;E:\workBase\mavenResitory\org\junit\jupiter\junit-jupiter-params\5.5.2\junit-jupiter-params-5.5.2.jar;E:\workBase\mavenResitory\org\junit\jupiter\junit-jupiter-engine\5.5.2\junit-jupiter-engine-5.5.2.jar;E:\workBase\mavenResitory\org\junit\platform\junit-platform-engine\1.5.2\junit-platform-engine-1.5.2.jar;E:\workBase\mavenResitory\org\mockito\mockito-junit-jupiter\3.1.0\mockito-junit-jupiter-3.1.0.jar;E:\workBase\mavenResitory\org\assertj\assertj-core\3.13.2\assertj-core-3.13.2.jar;E:\workBase\mavenResitory\org\hamcrest\hamcrest\2.1\hamcrest-2.1.jar;E:\workBase\mavenResitory\org\mockito\mockito-core\3.1.0\mockito-core-3.1.0.jar;E:\workBase\mavenResitory\net\bytebuddy\byte-buddy\1.10.8\byte-buddy-1.10.8.jar;E:\workBase\mavenResitory\net\bytebuddy\byte-buddy-agent\1.10.8\byte-buddy-agent-1.10.8.jar;E:\workBase\mavenResitory\org\objenesis\objenesis\2.6\objenesis-2.6.jar;E:\workBase\mavenResitory\org\skyscreamer\jsonassert\1.5.0\jsonassert-1.5.0.jar;E:\workBase\mavenResitory\com\vaadin\external\google\android-json\0.0.20131108.vaadin1\android-json-0.0.20131108.vaadin1.jar;E:\workBase\mavenResitory\org\springframework\spring-core\5.2.5.RELEASE\spring-core-5.2.5.RELEASE.jar;E:\workBase\mavenResitory\org\springframework\spring-jcl\5.2.5.RELEASE\spring-jcl-5.2.5.RELEASE.jar;E:\workBase\mavenResitory\org\springframework\spring-test\5.2.5.RELEASE\spring-test-5.2.5.RELEASE.jar;E:\workBase\mavenResitory\org\xmlunit\xmlunit-core\2.6.4\xmlunit-core-2.6.4.jar;"/>
    <property name="java.vm.vendor" value="Oracle Corporation"/>
    <property name="sun.arch.data.model" value="64"/>
    <property name="user.variant" value=""/>
    <property name="java.vendor.url" value="http://java.oracle.com/"/>
    <property name="user.timezone" value="Asia/Shanghai"/>
    <property name="java.vm.specification.version" value="1.8"/>
    <property name="os.name" value="Windows 10"/>
    <property name="user.country" value="CN"/>
    <property name="sun.java.launcher" value="SUN_STANDARD"/>
    <property name="sun.boot.library.path" value="E:\workBase\JDK\jre\bin"/>
    <property name="sun.java.command" value="C:\Users\mike\AppData\Local\Temp\surefire8824330365706868562\surefirebooter1477627010343016633.jar C:\Users\mike\AppData\Local\Temp\surefire8824330365706868562 2020-04-05T11-26-26_003-jvmRun1 surefire750353404220708310tmp surefire_01222105762596380433tmp"/>
    <property name="surefire.test.class.path" value="D:\sellproducts\target\test-classes;D:\sellproducts\target\classes;E:\workBase\mavenResitory\org\springframework\boot\spring-boot-starter-data-redis\2.2.6.RELEASE\spring-boot-starter-data-redis-2.2.6.RELEASE.jar;E:\workBase\mavenResitory\org\springframework\boot\spring-boot-starter\2.2.6.RELEASE\spring-boot-starter-2.2.6.RELEASE.jar;E:\workBase\mavenResitory\org\springframework\boot\spring-boot\2.2.6.RELEASE\spring-boot-2.2.6.RELEASE.jar;E:\workBase\mavenResitory\org\springframework\boot\spring-boot-autoconfigure\2.2.6.RELEASE\spring-boot-autoconfigure-2.2.6.RELEASE.jar;E:\workBase\mavenResitory\org\springframework\boot\spring-boot-starter-logging\2.2.6.RELEASE\spring-boot-starter-logging-2.2.6.RELEASE.jar;E:\workBase\mavenResitory\ch\qos\logback\logback-classic\1.2.3\logback-classic-1.2.3.jar;E:\workBase\mavenResitory\ch\qos\logback\logback-core\1.2.3\logback-core-1.2.3.jar;E:\workBase\mavenResitory\org\apache\logging\log4j\log4j-to-slf4j\2.12.1\log4j-to-slf4j-2.12.1.jar;E:\workBase\mavenResitory\org\apache\logging\log4j\log4j-api\2.12.1\log4j-api-2.12.1.jar;E:\workBase\mavenResitory\org\slf4j\jul-to-slf4j\1.7.30\jul-to-slf4j-1.7.30.jar;E:\workBase\mavenResitory\jakarta\annotation\jakarta.annotation-api\1.3.5\jakarta.annotation-api-1.3.5.jar;E:\workBase\mavenResitory\org\yaml\snakeyaml\1.25\snakeyaml-1.25.jar;E:\workBase\mavenResitory\org\springframework\data\spring-data-redis\2.2.6.RELEASE\spring-data-redis-2.2.6.RELEASE.jar;E:\workBase\mavenResitory\org\springframework\data\spring-data-keyvalue\2.2.6.RELEASE\spring-data-keyvalue-2.2.6.RELEASE.jar;E:\workBase\mavenResitory\org\springframework\data\spring-data-commons\2.2.6.RELEASE\spring-data-commons-2.2.6.RELEASE.jar;E:\workBase\mavenResitory\org\springframework\spring-tx\5.2.5.RELEASE\spring-tx-5.2.5.RELEASE.jar;E:\workBase\mavenResitory\org\springframework\spring-oxm\5.2.5.RELEASE\spring-oxm-5.2.5.RELEASE.jar;E:\workBase\mavenResitory\org\springframework\spring-aop\5.2.5.RELEASE\spring-aop-5.2.5.RELEASE.jar;E:\workBase\mavenResitory\org\springframework\spring-context-support\5.2.5.RELEASE\spring-context-support-5.2.5.RELEASE.jar;E:\workBase\mavenResitory\org\slf4j\slf4j-api\1.7.30\slf4j-api-1.7.30.jar;E:\workBase\mavenResitory\io\lettuce\lettuce-core\5.2.2.RELEASE\lettuce-core-5.2.2.RELEASE.jar;E:\workBase\mavenResitory\io\netty\netty-common\4.1.48.Final\netty-common-4.1.48.Final.jar;E:\workBase\mavenResitory\io\netty\netty-handler\4.1.48.Final\netty-handler-4.1.48.Final.jar;E:\workBase\mavenResitory\io\netty\netty-resolver\4.1.48.Final\netty-resolver-4.1.48.Final.jar;E:\workBase\mavenResitory\io\netty\netty-buffer\4.1.48.Final\netty-buffer-4.1.48.Final.jar;E:\workBase\mavenResitory\io\netty\netty-codec\4.1.48.Final\netty-codec-4.1.48.Final.jar;E:\workBase\mavenResitory\io\netty\netty-transport\4.1.48.Final\netty-transport-4.1.48.Final.jar;E:\workBase\mavenResitory\io\projectreactor\reactor-core\3.3.4.RELEASE\reactor-core-3.3.4.RELEASE.jar;E:\workBase\mavenResitory\org\reactivestreams\reactive-streams\1.0.3\reactive-streams-1.0.3.jar;E:\workBase\mavenResitory\org\springframework\boot\spring-boot-starter-web\2.2.6.RELEASE\spring-boot-starter-web-2.2.6.RELEASE.jar;E:\workBase\mavenResitory\org\springframework\boot\spring-boot-starter-json\2.2.6.RELEASE\spring-boot-starter-json-2.2.6.RELEASE.jar;E:\workBase\mavenResitory\com\fasterxml\jackson\core\jackson-databind\2.10.3\jackson-databind-2.10.3.jar;E:\workBase\mavenResitory\com\fasterxml\jackson\core\jackson-annotations\2.10.3\jackson-annotations-2.10.3.jar;E:\workBase\mavenResitory\com\fasterxml\jackson\core\jackson-core\2.10.3\jackson-core-2.10.3.jar;E:\workBase\mavenResitory\com\fasterxml\jackson\datatype\jackson-datatype-jdk8\2.10.3\jackson-datatype-jdk8-2.10.3.jar;E:\workBase\mavenResitory\com\fasterxml\jackson\datatype\jackson-datatype-jsr310\2.10.3\jackson-datatype-jsr310-2.10.3.jar;E:\workBase\mavenResitory\com\fasterxml\jackson\module\jackson-module-parameter-names\2.10.3\jackson-module-parameter-names-2.10.3.jar;E:\workBase\mavenResitory\org\springframework\boot\spring-boot-starter-tomcat\2.2.6.RELEASE\spring-boot-starter-tomcat-2.2.6.RELEASE.jar;E:\workBase\mavenResitory\org\apache\tomcat\embed\tomcat-embed-core\9.0.33\tomcat-embed-core-9.0.33.jar;E:\workBase\mavenResitory\org\apache\tomcat\embed\tomcat-embed-el\9.0.33\tomcat-embed-el-9.0.33.jar;E:\workBase\mavenResitory\org\apache\tomcat\embed\tomcat-embed-websocket\9.0.33\tomcat-embed-websocket-9.0.33.jar;E:\workBase\mavenResitory\org\springframework\boot\spring-boot-starter-validation\2.2.6.RELEASE\spring-boot-starter-validation-2.2.6.RELEASE.jar;E:\workBase\mavenResitory\jakarta\validation\jakarta.validation-api\2.0.2\jakarta.validation-api-2.0.2.jar;E:\workBase\mavenResitory\org\hibernate\validator\hibernate-validator\6.0.18.Final\hibernate-validator-6.0.18.Final.jar;E:\workBase\mavenResitory\org\jboss\logging\jboss-logging\3.4.1.Final\jboss-logging-3.4.1.Final.jar;E:\workBase\mavenResitory\com\fasterxml\classmate\1.5.1\classmate-1.5.1.jar;E:\workBase\mavenResitory\org\springframework\spring-web\5.2.5.RELEASE\spring-web-5.2.5.RELEASE.jar;E:\workBase\mavenResitory\org\springframework\spring-beans\5.2.5.RELEASE\spring-beans-5.2.5.RELEASE.jar;E:\workBase\mavenResitory\org\springframework\spring-webmvc\5.2.5.RELEASE\spring-webmvc-5.2.5.RELEASE.jar;E:\workBase\mavenResitory\org\springframework\spring-context\5.2.5.RELEASE\spring-context-5.2.5.RELEASE.jar;E:\workBase\mavenResitory\org\springframework\spring-expression\5.2.5.RELEASE\spring-expression-5.2.5.RELEASE.jar;E:\workBase\mavenResitory\org\mybatis\spring\boot\mybatis-spring-boot-starter\2.1.2\mybatis-spring-boot-starter-2.1.2.jar;E:\workBase\mavenResitory\org\springframework\boot\spring-boot-starter-jdbc\2.2.6.RELEASE\spring-boot-starter-jdbc-2.2.6.RELEASE.jar;E:\workBase\mavenResitory\com\zaxxer\HikariCP\3.4.2\HikariCP-3.4.2.jar;E:\workBase\mavenResitory\org\springframework\spring-jdbc\5.2.5.RELEASE\spring-jdbc-5.2.5.RELEASE.jar;E:\workBase\mavenResitory\org\mybatis\spring\boot\mybatis-spring-boot-autoconfigure\2.1.2\mybatis-spring-boot-autoconfigure-2.1.2.jar;E:\workBase\mavenResitory\org\mybatis\mybatis\3.5.4\mybatis-3.5.4.jar;E:\workBase\mavenResitory\org\mybatis\mybatis-spring\2.0.4\mybatis-spring-2.0.4.jar;E:\workBase\mavenResitory\com\alibaba\fastjson\1.2.60\fastjson-1.2.60.jar;E:\workBase\mavenResitory\mysql\mysql-connector-java\8.0.16\mysql-connector-java-8.0.16.jar;E:\workBase\mavenResitory\com\alibaba\druid\1.1.20\druid-1.1.20.jar;E:\workBase\mavenResitory\org\springframework\boot\spring-boot-starter-test\2.2.6.RELEASE\spring-boot-starter-test-2.2.6.RELEASE.jar;E:\workBase\mavenResitory\org\springframework\boot\spring-boot-test\2.2.6.RELEASE\spring-boot-test-2.2.6.RELEASE.jar;E:\workBase\mavenResitory\org\springframework\boot\spring-boot-test-autoconfigure\2.2.6.RELEASE\spring-boot-test-autoconfigure-2.2.6.RELEASE.jar;E:\workBase\mavenResitory\com\jayway\jsonpath\json-path\2.4.0\json-path-2.4.0.jar;E:\workBase\mavenResitory\net\minidev\json-smart\2.3\json-smart-2.3.jar;E:\workBase\mavenResitory\net\minidev\accessors-smart\1.2\accessors-smart-1.2.jar;E:\workBase\mavenResitory\org\ow2\asm\asm\5.0.4\asm-5.0.4.jar;E:\workBase\mavenResitory\jakarta\xml\bind\jakarta.xml.bind-api\2.3.3\jakarta.xml.bind-api-2.3.3.jar;E:\workBase\mavenResitory\jakarta\activation\jakarta.activation-api\1.2.2\jakarta.activation-api-1.2.2.jar;E:\workBase\mavenResitory\org\junit\jupiter\junit-jupiter\5.5.2\junit-jupiter-5.5.2.jar;E:\workBase\mavenResitory\org\junit\jupiter\junit-jupiter-api\5.5.2\junit-jupiter-api-5.5.2.jar;E:\workBase\mavenResitory\org\apiguardian\apiguardian-api\1.1.0\apiguardian-api-1.1.0.jar;E:\workBase\mavenResitory\org\opentest4j\opentest4j\1.2.0\opentest4j-1.2.0.jar;E:\workBase\mavenResitory\org\junit\platform\junit-platform-commons\1.5.2\junit-platform-commons-1.5.2.jar;E:\workBase\mavenResitory\org\junit\jupiter\junit-jupiter-params\5.5.2\junit-jupiter-params-5.5.2.jar;E:\workBase\mavenResitory\org\junit\jupiter\junit-jupiter-engine\5.5.2\junit-jupiter-engine-5.5.2.jar;E:\workBase\mavenResitory\org\junit\platform\junit-platform-engine\1.5.2\junit-platform-engine-1.5.2.jar;E:\workBase\mavenResitory\org\mockito\mockito-junit-jupiter\3.1.0\mockito-junit-jupiter-3.1.0.jar;E:\workBase\mavenResitory\org\assertj\assertj-core\3.13.2\assertj-core-3.13.2.jar;E:\workBase\mavenResitory\org\hamcrest\hamcrest\2.1\hamcrest-2.1.jar;E:\workBase\mavenResitory\org\mockito\mockito-core\3.1.0\mockito-core-3.1.0.jar;E:\workBase\mavenResitory\net\bytebuddy\byte-buddy\1.10.8\byte-buddy-1.10.8.jar;E:\workBase\mavenResitory\net\bytebuddy\byte-buddy-agent\1.10.8\byte-buddy-agent-1.10.8.jar;E:\workBase\mavenResitory\org\objenesis\objenesis\2.6\objenesis-2.6.jar;E:\workBase\mavenResitory\org\skyscreamer\jsonassert\1.5.0\jsonassert-1.5.0.jar;E:\workBase\mavenResitory\com\vaadin\external\google\android-json\0.0.20131108.vaadin1\android-json-0.0.20131108.vaadin1.jar;E:\workBase\mavenResitory\org\springframework\spring-core\5.2.5.RELEASE\spring-core-5.2.5.RELEASE.jar;E:\workBase\mavenResitory\org\springframework\spring-jcl\5.2.5.RELEASE\spring-jcl-5.2.5.RELEASE.jar;E:\workBase\mavenResitory\org\springframework\spring-test\5.2.5.RELEASE\spring-test-5.2.5.RELEASE.jar;E:\workBase\mavenResitory\org\xmlunit\xmlunit-core\2.6.4\xmlunit-core-2.6.4.jar;"/>
    <property name="sun.cpu.endian" value="little"/>
    <property name="user.home" value="C:\Users\mike"/>
    <property name="user.language" value="zh"/>
    <property name="java.specification.vendor" value="Oracle Corporation"/>
    <property name="java.home" value="E:\workBase\JDK\jre"/>
    <property name="basedir" value="D:\sellproducts"/>
    <property name="file.separator" value="\"/>
    <property name="line.separator" value="&#10;"/>
    <property name="java.vm.specification.vendor" value="Oracle Corporation"/>
    <property name="java.specification.name" value="Java Platform API Specification"/>
    <property name="java.awt.graphicsenv" value="sun.awt.Win32GraphicsEnvironment"/>
    <property name="surefire.real.class.path" value="C:\Users\mike\AppData\Local\Temp\surefire8824330365706868562\surefirebooter1477627010343016633.jar"/>
    <property name="sun.boot.class.path" value="E:\workBase\JDK\jre\lib\resources.jar;E:\workBase\JDK\jre\lib\rt.jar;E:\workBase\JDK\jre\lib\sunrsasign.jar;E:\workBase\JDK\jre\lib\jsse.jar;E:\workBase\JDK\jre\lib\jce.jar;E:\workBase\JDK\jre\lib\charsets.jar;E:\workBase\JDK\jre\lib\jfr.jar;E:\workBase\JDK\jre\classes"/>
    <property name="user.script" value=""/>
    <property name="sun.management.compiler" value="HotSpot 64-Bit Tiered Compilers"/>
    <property name="java.runtime.version" value="1.8.0_241-b07"/>
    <property name="user.name" value="mike"/>
    <property name="path.separator" value=";"/>
    <property name="os.version" value="10.0"/>
    <property name="java.endorsed.dirs" value="E:\workBase\JDK\jre\lib\endorsed"/>
    <property name="java.runtime.name" value="Java(TM) SE Runtime Environment"/>
    <property name="file.encoding" value="GBK"/>
    <property name="java.vm.name" value="Java HotSpot(TM) 64-Bit Server VM"/>
    <property name="localRepository" value="E:\workBase\mavenResitory"/>
    <property name="java.vendor.url.bug" value="http://bugreport.sun.com/bugreport/"/>
    <property name="java.io.tmpdir" value="C:\Users\mike\AppData\Local\Temp\"/>
    <property name="java.version" value="1.8.0_241"/>
    <property name="user.dir" value="D:\sellproducts"/>
    <property name="os.arch" value="amd64"/>
    <property name="java.vm.specification.name" value="Java Virtual Machine Specification"/>
    <property name="java.awt.printerjob" value="sun.awt.windows.WPrinterJob"/>
    <property name="idea.version2019.3.1" value="true"/>
    <property name="sun.os.patch.level" value=""/>
    <property name="java.library.path" value="E:\workBase\JDK\jre\bin;C:\WINDOWS\Sun\Java\bin;C:\WINDOWS\system32;C:\WINDOWS;C:\Program Files (x86)\Common Files\Oracle\Java\javapath;D:\company\JDK\bin;E:\workBase\apache-maven-3.5.4\bin;C:\Windows\system32;C:\Windows;C:\Windows\System32\Wbem;C:\Windows\System32\WindowsPowerShell\v1.0\;C:\Windows\System32\OpenSSH\;C:\Program Files (x86)\NVIDIA Corporation\PhysX\Common;E:\mysql\mysql-5.6.44-winx64\bin;C:\WINDOWS\system32;C:\WINDOWS;C:\WINDOWS\System32\Wbem;C:\WINDOWS\System32\WindowsPowerShell\v1.0\;C:\WINDOWS\System32\OpenSSH\;C:\Program Files\Intel\WiFi\bin\;C:\Program Files\Common Files\Intel\WirelessCommon\;C:\Program Files (x86)\Intel\Intel(R) Management Engine Components\DAL;C:\Program Files\Intel\Intel(R) Management Engine Components\DAL;D:\company\svn\bin;C:\Program Files\Docker\Docker\resources\bin;C:\ProgramData\DockerDesktop\version-bin;%JMETER_HOME%\lib\ext\ApacheJMeter_core.jar;%JMETER_HOME%\lib\jorphan.jar;%JMETER_HOME%\lib\logkit-2.0.jar;E:\workBase\git\Git\cmd;C:\Users\mike\AppData\Local\Microsoft\WindowsApps;E:\workBase\xftp;E:\nodejs\node_global;."/>
    <property name="java.vm.info" value="mixed mode"/>
    <property name="java.vendor" value="Oracle Corporation"/>
    <property name="java.vm.version" value="25.241-b07"/>
    <property name="java.ext.dirs" value="E:\workBase\JDK\jre\lib\ext;C:\WINDOWS\Sun\Java\lib\ext"/>
    <property name="sun.io.unicode.encoding" value="UnicodeLittle"/>
    <property name="maven.repo.local" value="E:\workBase\mavenResitory"/>
    <property name="java.class.version" value="52.0"/>
  </properties>
  <testcase name="contextLoads" classname="com.ultrapower.sellproducts.SellproductsApplicationTests" time="0.769"/>
</testsuite>